{"C:\\Users\\tampu\\OneDrive\\Desktop\\04-Securing API (2)\\04-Securing API\\middleware\\authMiddleware.js": {"path":"C:\\Users\\tampu\\OneDrive\\Desktop\\04-Securing API (2)\\04-Securing API\\middleware\\authMiddleware.js","statementMap":{"0":{"start":{"line":1,"column":12},"end":{"line":1,"column":35}},"1":{"start":{"line":2,"column":13},"end":{"line":2,"column":47}},"2":{"start":{"line":5,"column":0},"end":{"line":20,"column":2}},"3":{"start":{"line":7,"column":4},"end":{"line":16,"column":5}},"4":{"start":{"line":8,"column":8},"end":{"line":15,"column":9}},"5":{"start":{"line":9,"column":12},"end":{"line":9,"column":60}},"6":{"start":{"line":10,"column":28},"end":{"line":10,"column":69}},"7":{"start":{"line":11,"column":12},"end":{"line":11,"column":75}},"8":{"start":{"line":12,"column":12},"end":{"line":12,"column":19}},"9":{"start":{"line":14,"column":12},"end":{"line":14,"column":78}},"10":{"start":{"line":17,"column":4},"end":{"line":19,"column":5}},"11":{"start":{"line":18,"column":8},"end":{"line":18,"column":70}},"12":{"start":{"line":22,"column":0},"end":{"line":31,"column":2}},"13":{"start":{"line":23,"column":4},"end":{"line":30,"column":6}},"14":{"start":{"line":24,"column":8},"end":{"line":28,"column":9}},"15":{"start":{"line":25,"column":12},"end":{"line":27,"column":15}},"16":{"start":{"line":29,"column":8},"end":{"line":29,"column":15}}},"fnMap":{"0":{"name":"(anonymous_0)","decl":{"start":{"line":5,"column":18},"end":{"line":5,"column":19}},"loc":{"start":{"line":5,"column":44},"end":{"line":20,"column":1}},"line":5},"1":{"name":"(anonymous_1)","decl":{"start":{"line":22,"column":20},"end":{"line":22,"column":21}},"loc":{"start":{"line":22,"column":34},"end":{"line":31,"column":1}},"line":22},"2":{"name":"(anonymous_2)","decl":{"start":{"line":23,"column":11},"end":{"line":23,"column":12}},"loc":{"start":{"line":23,"column":31},"end":{"line":30,"column":5}},"line":23}},"branchMap":{"0":{"loc":{"start":{"line":7,"column":4},"end":{"line":16,"column":5}},"type":"if","locations":[{"start":{"line":7,"column":4},"end":{"line":16,"column":5}},{"start":{},"end":{}}],"line":7},"1":{"loc":{"start":{"line":7,"column":8},"end":{"line":7,"column":83}},"type":"binary-expr","locations":[{"start":{"line":7,"column":8},"end":{"line":7,"column":33}},{"start":{"line":7,"column":37},"end":{"line":7,"column":83}}],"line":7},"2":{"loc":{"start":{"line":17,"column":4},"end":{"line":19,"column":5}},"type":"if","locations":[{"start":{"line":17,"column":4},"end":{"line":19,"column":5}},{"start":{},"end":{}}],"line":17},"3":{"loc":{"start":{"line":24,"column":8},"end":{"line":28,"column":9}},"type":"if","locations":[{"start":{"line":24,"column":8},"end":{"line":28,"column":9}},{"start":{},"end":{}}],"line":24}},"s":{"0":1,"1":1,"2":1,"3":2,"4":1,"5":1,"6":1,"7":1,"8":1,"9":0,"10":2,"11":1,"12":1,"13":0,"14":0,"15":0,"16":0},"f":{"0":2,"1":0,"2":0},"b":{"0":[1,1],"1":[2,1],"2":[1,1],"3":[0,0]},"_coverageSchema":"1a1c01bbd47fc00a2c39e90264f33305004495a9","hash":"6de25a62b867033932ef7f2b1a7ee6df010fec89"}
,"C:\\Users\\tampu\\OneDrive\\Desktop\\04-Securing API (2)\\04-Securing API\\src\\controllers\\dishController.js": {"path":"C:\\Users\\tampu\\OneDrive\\Desktop\\04-Securing API (2)\\04-Securing API\\src\\controllers\\dishController.js","statementMap":{"0":{"start":{"line":1,"column":13},"end":{"line":1,"column":43}},"1":{"start":{"line":3,"column":21},"end":{"line":10,"column":1}},"2":{"start":{"line":4,"column":4},"end":{"line":9,"column":5}},"3":{"start":{"line":5,"column":23},"end":{"line":5,"column":40}},"4":{"start":{"line":6,"column":8},"end":{"line":6,"column":44}},"5":{"start":{"line":8,"column":8},"end":{"line":8,"column":64}},"6":{"start":{"line":12,"column":19},"end":{"line":19,"column":1}},"7":{"start":{"line":13,"column":4},"end":{"line":18,"column":5}},"8":{"start":{"line":14,"column":24},"end":{"line":14,"column":51}},"9":{"start":{"line":15,"column":8},"end":{"line":15,"column":45}},"10":{"start":{"line":17,"column":8},"end":{"line":17,"column":64}},"11":{"start":{"line":21,"column":20},"end":{"line":29,"column":1}},"12":{"start":{"line":22,"column":4},"end":{"line":28,"column":5}},"13":{"start":{"line":23,"column":21},"end":{"line":23,"column":55}},"14":{"start":{"line":24,"column":8},"end":{"line":24,"column":78}},"15":{"start":{"line":24,"column":19},"end":{"line":24,"column":78}},"16":{"start":{"line":25,"column":8},"end":{"line":25,"column":42}},"17":{"start":{"line":27,"column":8},"end":{"line":27,"column":64}},"18":{"start":{"line":31,"column":19},"end":{"line":41,"column":1}},"19":{"start":{"line":32,"column":4},"end":{"line":40,"column":5}},"20":{"start":{"line":33,"column":21},"end":{"line":35,"column":10}},"21":{"start":{"line":36,"column":8},"end":{"line":36,"column":78}},"22":{"start":{"line":36,"column":19},"end":{"line":36,"column":78}},"23":{"start":{"line":37,"column":8},"end":{"line":37,"column":42}},"24":{"start":{"line":39,"column":8},"end":{"line":39,"column":64}},"25":{"start":{"line":43,"column":19},"end":{"line":51,"column":1}},"26":{"start":{"line":44,"column":4},"end":{"line":50,"column":5}},"27":{"start":{"line":45,"column":21},"end":{"line":45,"column":64}},"28":{"start":{"line":46,"column":8},"end":{"line":46,"column":78}},"29":{"start":{"line":46,"column":19},"end":{"line":46,"column":78}},"30":{"start":{"line":47,"column":8},"end":{"line":47,"column":78}},"31":{"start":{"line":49,"column":8},"end":{"line":49,"column":64}},"32":{"start":{"line":53,"column":0},"end":{"line":59,"column":2}}},"fnMap":{"0":{"name":"(anonymous_0)","decl":{"start":{"line":3,"column":21},"end":{"line":3,"column":22}},"loc":{"start":{"line":3,"column":41},"end":{"line":10,"column":1}},"line":3},"1":{"name":"(anonymous_1)","decl":{"start":{"line":12,"column":19},"end":{"line":12,"column":20}},"loc":{"start":{"line":12,"column":39},"end":{"line":19,"column":1}},"line":12},"2":{"name":"(anonymous_2)","decl":{"start":{"line":21,"column":20},"end":{"line":21,"column":21}},"loc":{"start":{"line":21,"column":40},"end":{"line":29,"column":1}},"line":21},"3":{"name":"(anonymous_3)","decl":{"start":{"line":31,"column":19},"end":{"line":31,"column":20}},"loc":{"start":{"line":31,"column":39},"end":{"line":41,"column":1}},"line":31},"4":{"name":"(anonymous_4)","decl":{"start":{"line":43,"column":19},"end":{"line":43,"column":20}},"loc":{"start":{"line":43,"column":39},"end":{"line":51,"column":1}},"line":43}},"branchMap":{"0":{"loc":{"start":{"line":24,"column":8},"end":{"line":24,"column":78}},"type":"if","locations":[{"start":{"line":24,"column":8},"end":{"line":24,"column":78}},{"start":{},"end":{}}],"line":24},"1":{"loc":{"start":{"line":36,"column":8},"end":{"line":36,"column":78}},"type":"if","locations":[{"start":{"line":36,"column":8},"end":{"line":36,"column":78}},{"start":{},"end":{}}],"line":36},"2":{"loc":{"start":{"line":46,"column":8},"end":{"line":46,"column":78}},"type":"if","locations":[{"start":{"line":46,"column":8},"end":{"line":46,"column":78}},{"start":{},"end":{}}],"line":46}},"s":{"0":1,"1":1,"2":2,"3":2,"4":1,"5":1,"6":1,"7":1,"8":1,"9":1,"10":0,"11":1,"12":0,"13":0,"14":0,"15":0,"16":0,"17":0,"18":1,"19":0,"20":0,"21":0,"22":0,"23":0,"24":0,"25":1,"26":0,"27":0,"28":0,"29":0,"30":0,"31":0,"32":1},"f":{"0":2,"1":1,"2":0,"3":0,"4":0},"b":{"0":[0,0],"1":[0,0],"2":[0,0]},"_coverageSchema":"1a1c01bbd47fc00a2c39e90264f33305004495a9","hash":"eb2847fdcdf3e0c4a80f7c53011a031ee75b1957"}
,"C:\\Users\\tampu\\OneDrive\\Desktop\\04-Securing API (2)\\04-Securing API\\src\\models\\dishModel.js": {"path":"C:\\Users\\tampu\\OneDrive\\Desktop\\04-Securing API (2)\\04-Securing API\\src\\models\\dishModel.js","statementMap":{"0":{"start":{"line":1,"column":28},"end":{"line":1,"column":47}},"1":{"start":{"line":3,"column":17},"end":{"line":3,"column":36}},"2":{"start":{"line":4,"column":19},"end":{"line":36,"column":2}},"3":{"start":{"line":38,"column":0},"end":{"line":38,"column":52}}},"fnMap":{},"branchMap":{},"s":{"0":1,"1":1,"2":1,"3":1},"f":{},"b":{},"_coverageSchema":"1a1c01bbd47fc00a2c39e90264f33305004495a9","hash":"e6b1a43ee40b2bf1c2a88ba6d3838e97d95de687"}
,"C:\\Users\\tampu\\OneDrive\\Desktop\\04-Securing API (2)\\04-Securing API\\src\\models\\userModel.js": {"path":"C:\\Users\\tampu\\OneDrive\\Desktop\\04-Securing API (2)\\04-Securing API\\src\\models\\userModel.js","statementMap":{"0":{"start":{"line":1,"column":17},"end":{"line":1,"column":36}},"1":{"start":{"line":2,"column":15},"end":{"line":2,"column":34}},"2":{"start":{"line":4,"column":19},"end":{"line":25,"column":2}},"3":{"start":{"line":27,"column":0},"end":{"line":32,"column":3}},"4":{"start":{"line":28,"column":4},"end":{"line":28,"column":45}},"5":{"start":{"line":28,"column":38},"end":{"line":28,"column":45}},"6":{"start":{"line":30,"column":17},"end":{"line":30,"column":41}},"7":{"start":{"line":31,"column":4},"end":{"line":31,"column":59}},"8":{"start":{"line":34,"column":0},"end":{"line":36,"column":2}},"9":{"start":{"line":35,"column":4},"end":{"line":35,"column":64}},"10":{"start":{"line":38,"column":0},"end":{"line":38,"column":52}}},"fnMap":{"0":{"name":"(anonymous_0)","decl":{"start":{"line":27,"column":23},"end":{"line":27,"column":24}},"loc":{"start":{"line":27,"column":41},"end":{"line":32,"column":1}},"line":27},"1":{"name":"(anonymous_1)","decl":{"start":{"line":34,"column":35},"end":{"line":34,"column":36}},"loc":{"start":{"line":34,"column":68},"end":{"line":36,"column":1}},"line":34}},"branchMap":{"0":{"loc":{"start":{"line":28,"column":4},"end":{"line":28,"column":45}},"type":"if","locations":[{"start":{"line":28,"column":4},"end":{"line":28,"column":45}},{"start":{},"end":{}}],"line":28}},"s":{"0":1,"1":1,"2":1,"3":1,"4":0,"5":0,"6":0,"7":0,"8":1,"9":0,"10":1},"f":{"0":0,"1":0},"b":{"0":[0,0]},"_coverageSchema":"1a1c01bbd47fc00a2c39e90264f33305004495a9","hash":"5d275f072937c3a62dc71cb2ad2fd7791117b07d"}
}
